<?xml version="1.0" encoding="UTF-8"?>
<!-- Generated by org.testng.reporters.JUnitReportReporter -->
<testsuite hostname="Piyush-PC" failures="0" tests="1" name="TOOLQA.DemoMavenEclipseProject.ExtentReport" time="0.908" errors="0" timestamp="2021-04-11T23:16:39 IST" skipped="0">
  <testcase classname="TOOLQA.DemoMavenEclipseProject.ExtentReport" name="login" time="0.908"/>
  <system-out/>
</testsuite> <!-- TOOLQA.DemoMavenEclipseProject.ExtentReport -->
