<?xml version="1.0" encoding="UTF-8"?>
<!-- Generated by org.testng.reporters.JUnitReportReporter -->
<testsuite name="Selenium.TestCase01" tests="1" time="21.257" ignored="0" failures="0" timestamp="04 Dec 2021 16:05:28 GMT" skipped="0" hostname="Piyush-PC" errors="0">
  <testcase name="Script" time="21.257" classname="Selenium.TestCase01"/>
</testsuite> <!-- Selenium.TestCase01 -->
