<?xml version="1.0" encoding="UTF-8"?>
<!-- Generated by org.testng.reporters.JUnitReportReporter -->
<testsuite hostname="Piyush-PC" failures="0" tests="1" name="TOOLQA.DemoMavenEclipseProject.Script3" time="0.012" errors="0" timestamp="2021-11-16T18:10:22 IST" skipped="0">
  <testcase classname="TOOLQA.DemoMavenEclipseProject.Script3" name="testMethod" time="0.012"/>
  <system-out/>
</testsuite> <!-- TOOLQA.DemoMavenEclipseProject.Script3 -->
