<?xml version="1.0" encoding="UTF-8"?>
<!-- Generated by org.testng.reporters.JUnitReportReporter -->
<testsuite hostname="Piyush-PC" failures="0" tests="2" name="Java.Employee" time="0.018" errors="0" timestamp="2021-10-21T13:15:13 IST" skipped="0">
  <testcase classname="Java.Employee" name="Test3" time="0.003"/>
  <system-out/>
  <testcase classname="Java.Employee" name="Test2" time="0.015"/>
  <system-out/>
</testsuite> <!-- Java.Employee -->
