<?xml version="1.0" encoding="UTF-8"?>
<!-- Generated by org.testng.reporters.JUnitReportReporter -->
<testsuite hostname="Piyush-PC" failures="0" tests="3" name="Java.TestData" time="0.017" errors="0" timestamp="2021-10-25T14:00:23 IST" skipped="0">
  <testcase classname="Java.TestData" name="c" time="0.002"/>
  <system-out/>
  <testcase classname="Java.TestData" name="c" time="0.002"/>
  <system-out/>
  <testcase classname="Java.TestData" name="c" time="0.013"/>
  <system-out/>
</testsuite> <!-- Java.TestData -->
