<?xml version="1.0" encoding="UTF-8"?>
<!-- Generated by org.testng.reporters.JUnitReportReporter -->
<testsuite hostname="Piyush-PC" failures="0" tests="2" name="Java.SeleniumFirst" time="0.014" errors="0" timestamp="2021-11-08T13:24:36 IST" skipped="0">
  <testcase classname="Java.SeleniumFirst" name="First" time="0.012"/>
  <system-out/>
  <testcase classname="Java.SeleniumFirst" name="Seccond" time="0.002"/>
  <system-out/>
</testsuite> <!-- Java.SeleniumFirst -->
