<?xml version="1.0" encoding="UTF-8"?>
<!-- Generated by org.testng.reporters.JUnitReportReporter -->
<testsuite hostname="Piyush-PC" failures="0" tests="2" name="TOOLQA.DemoMavenEclipseProject.Script4" time="0.018" errors="0" timestamp="2021-11-16T15:47:50 IST" skipped="0">
  <testcase classname="TOOLQA.DemoMavenEclipseProject.Script4" name="get3" time="0.009"/>
  <system-out/>
  <testcase classname="TOOLQA.DemoMavenEclipseProject.Script4" name="get4" time="0.009"/>
  <system-out/>
</testsuite> <!-- TOOLQA.DemoMavenEclipseProject.Script4 -->
