<?xml version="1.0" encoding="UTF-8"?>
<!-- Generated by org.testng.reporters.JUnitReportReporter -->
<testsuite skipped="0" hostname="Piyush-PC" name="TOOLQA.DemoMavenEclipseProject.Script5" tests="1" failures="0" timestamp="2021-11-23T14:58:06 IST" time="0.014" errors="0">
  <testcase name="maven" time="0.014" classname="TOOLQA.DemoMavenEclipseProject.Script5"/>
  <system-out/>
</testsuite> <!-- TOOLQA.DemoMavenEclipseProject.Script5 -->
