<?xml version="1.0" encoding="UTF-8"?>
<!-- Generated by org.testng.reporters.JUnitReportReporter -->
<testsuite hostname="Piyush-PC" failures="0" tests="1" name="Java.Screenshot" time="9.684" errors="0" timestamp="2021-10-30T21:12:50 IST" skipped="0">
  <testcase classname="Java.Screenshot" name="Mehtod1" time="9.684"/>
  <system-out/>
</testsuite> <!-- Java.Screenshot -->
